<?xml version="1.0" encoding="UTF-8"?>
<!-- Generated by org.testng.reporters.JUnitReportReporter -->
<testsuite hostname="DESKTOP-QHM3D4J" failures="0" tests="1" name="com.neverending.world.test.CharactersTest" time="0.188" errors="0" timestamp="2022-02-03T14:22:53 GMT" skipped="0">
  <testcase classname="com.neverending.world.test.CharactersTest" name="SetPositionTest" time="0.188"/>
  <system-out/>
</testsuite> <!-- com.neverending.world.test.CharactersTest -->
